{"/Users/carlostiago/Workspace/algorithms-with-js/src/index.js": {"path":"/Users/carlostiago/Workspace/algorithms-with-js/src/index.js","statementMap":{"0":{"start":{"line":2,"column":4},"end":{"line":2,"column":32}}},"fnMap":{"0":{"name":"practiceTest","decl":{"start":{"line":1,"column":9},"end":{"line":1,"column":21}},"loc":{"start":{"line":1,"column":24},"end":{"line":3,"column":1}},"line":1}},"branchMap":{},"s":{"0":2},"f":{"0":2},"b":{},"_coverageSchema":"1a1c01bbd47fc00a2c39e90264f33305004495a9","hash":"ad347c179ff3907fef4a911cb45276152a768c14"}
}
